[debug] [2025-04-01T15:43:15.461Z] ----------------------------------------------------------------------
[debug] [2025-04-01T15:43:15.464Z] Command:       C:\nvm4w\nodejs\node.exe C:\nvm4w\nodejs\node_modules\firebase-tools\lib\bin\firebase.js init
[debug] [2025-04-01T15:43:15.464Z] CLI Version:   14.0.1
[debug] [2025-04-01T15:43:15.464Z] Platform:      win32
[debug] [2025-04-01T15:43:15.464Z] Node Version:  v20.19.0
[debug] [2025-04-01T15:43:15.464Z] Time:          Tue Apr 01 2025 11:43:15 GMT-0400 (Eastern Daylight Time)
[debug] [2025-04-01T15:43:15.464Z] ----------------------------------------------------------------------
[debug] 
[debug] [2025-04-01T15:43:15.632Z] > command requires scopes: ["email","openid","https://www.googleapis.com/auth/cloudplatformprojects.readonly","https://www.googleapis.com/auth/firebase","https://www.googleapis.com/auth/cloud-platform"]
[debug] [2025-04-01T15:43:15.632Z] > authorizing via signed-in user (william.tboylan@gmail.com)
[info] 
     ######## #### ########  ######## ########     ###     ######  ########
     ##        ##  ##     ## ##       ##     ##  ##   ##  ##       ##
     ######    ##  ########  ######   ########  #########  ######  ######
     ##        ##  ##    ##  ##       ##     ## ##     ##       ## ##
     ##       #### ##     ## ######## ########  ##     ##  ######  ########

You're about to initialize a Firebase project in this directory:

  C:\Users\willi\Documents\Student Content Canvas\Media-Bridge-Student-Content-Canvas\mbfirebase

Before we get started, keep in mind:

  * You are initializing within an existing Firebase project directory

